example/build/app/intermediates/manifest_merge_blame_file/debug/manifest-merger-blame-debug-report.txt
1<?xml version="1.0" encoding="utf-8"?>
2<manifest xmlns:android="http://schemas.android.com/apk/res/android"
3    package="com.example.testzalopay"
4    android:versionCode="1"
5    android:versionName="1.0.0" >
6
7    <uses-sdk
8        android:minSdkVersion="16"
9        android:targetSdkVersion="33" />
10    <!--
11         The INTERNET permission is required for development. Specifically,
12         the Flutter tool needs it to communicate with the running application
13         to allow setting breakpoints, to provide hot reload, etc.
14    -->
15    <uses-permission android:name="android.permission.INTERNET" />
15-->src\debug\AndroidManifest.xml:7:5-66
15-->src\debug\AndroidManifest.xml:7:22-64
16
17    <queries>
17-->[:zpdk-release:] AndroidManifest.xml:9:5-13:15
18        <package android:name="vn.com.vng.zalopay.sb1" />
18-->[:zpdk-release:] AndroidManifest.xml:10:9-58
18-->[:zpdk-release:] AndroidManifest.xml:10:18-55
19        <package android:name="vn.com.vng.zalopay" />
19-->[:zpdk-release:] AndroidManifest.xml:11:9-54
19-->[:zpdk-release:] AndroidManifest.xml:11:18-51
20        <package android:name="com.zing.zalo" />
20-->[:zpdk-release:] AndroidManifest.xml:12:9-49
20-->[:zpdk-release:] AndroidManifest.xml:12:18-46
21    </queries>
22
23    <application
24        android:name="android.app.Application"
25        android:appComponentFactory="androidx.core.app.CoreComponentFactory"
25-->[androidx.core:core:1.6.0] AndroidManifest.xml:24:18-86
26        android:debuggable="true"
27        android:icon="@mipmap/ic_launcher"
28        android:label="testzalopay" >
29        <activity
30            android:name="com.example.testzalopay.MainActivity"
31            android:configChanges="orientation|keyboardHidden|keyboard|screenSize|smallestScreenSize|locale|layoutDirection|fontScale|screenLayout|density|uiMode"
32            android:exported="true"
33            android:hardwareAccelerated="true"
34            android:launchMode="singleTask"
35            android:theme="@style/LaunchTheme"
36            android:windowSoftInputMode="adjustResize" >
37
38            <!--
39                 Specifies an Android theme to apply to this Activity as soon as
40                 the Android process has started. This theme is visible to the user
41                 while the Flutter UI initializes. After that, this theme continues
42                 to determine the Window background behind the Flutter UI.
43            -->
44            <meta-data
45                android:name="io.flutter.embedding.android.NormalTheme"
46                android:resource="@style/NormalTheme" />
47
48            <intent-filter>
49                <action android:name="android.intent.action.MAIN" />
50
51                <category android:name="android.intent.category.LAUNCHER" />
52            </intent-filter>
53            <intent-filter>
54                <action android:name="android.intent.action.VIEW" />
55
56                <category android:name="android.intent.category.DEFAULT" />
57                <category android:name="android.intent.category.BROWSABLE" />
58
59                <data
60                    android:host="app"
61                    android:scheme="demozpdk" />
62            </intent-filter>
63
64            <meta-data
65                android:name="com.vng.zalo.sdk.APP_ID"
66                android:value="2554" />
67            <meta-data
68                android:name="com.vng.zalo.sdk.URI_SCHEME"
69                android:value="demozpdk://app" />
70            <meta-data
71                android:name="com.vng.zalo.sdk.ENVIRONMENT"
72                android:value="SANDBOX" />
73 // OR value="PRODUCTION"
74        </activity>
75        <!--
76             Don't delete the meta-data below.
77             This is used by the Flutter tool to generate GeneratedPluginRegistrant.java
78        -->
79        <meta-data
80            android:name="flutterEmbedding"
81            android:value="2" />
82
83        <uses-library
83-->[androidx.window:window:1.0.0-beta04] AndroidManifest.xml:25:9-27:40
84            android:name="androidx.window.extensions"
84-->[androidx.window:window:1.0.0-beta04] AndroidManifest.xml:26:13-54
85            android:required="false" />
85-->[androidx.window:window:1.0.0-beta04] AndroidManifest.xml:27:13-37
86        <uses-library
86-->[androidx.window:window:1.0.0-beta04] AndroidManifest.xml:28:9-30:40
87            android:name="androidx.window.sidecar"
87-->[androidx.window:window:1.0.0-beta04] AndroidManifest.xml:29:13-51
88            android:required="false" />
88-->[androidx.window:window:1.0.0-beta04] AndroidManifest.xml:30:13-37
89    </application>
90
91</manifest>